<?xml version="1.0" encoding="UTF-8"?>
<testng-results ignored="0" total="2" passed="2" failed="0" skipped="0">
  <reporter-output>
  </reporter-output>
  <suite started-at="2022-01-15T10:31:25 IST" name="Suite" finished-at="2022-01-15T10:31:46 IST" duration-ms="21150">
    <groups>
    </groups>
    <test started-at="2022-01-15T10:31:25 IST" name="Test" finished-at="2022-01-15T10:31:46 IST" duration-ms="21150">
      <class name="com.qa.testCases.HomePageTest">
        <test-method is-config="true" signature="setUp(java.lang.String)[pri:0, instance:com.qa.testCases.HomePageTest@353d0772]" started-at="2022-01-15T10:31:25 IST" name="setUp" finished-at="2022-01-15T10:31:36 IST" duration-ms="10909" status="PASS">
          <params>
            <param index="0">
              <value>
                <![CDATA[chrome]]>
              </value>
            </param>
          </params>
          <reporter-output>
          </reporter-output>
        </test-method> <!-- setUp -->
        <test-method signature="verifySearchbox()[pri:0, instance:com.qa.testCases.HomePageTest@353d0772]" started-at="2022-01-15T10:31:36 IST" name="verifySearchbox" finished-at="2022-01-15T10:31:36 IST" duration-ms="275" status="PASS">
          <reporter-output>
          </reporter-output>
        </test-method> <!-- verifySearchbox -->
        <test-method is-config="true" signature="teardown()[pri:0, instance:com.qa.testCases.HomePageTest@353d0772]" started-at="2022-01-15T10:31:36 IST" name="teardown" finished-at="2022-01-15T10:31:37 IST" duration-ms="499" status="PASS">
          <reporter-output>
          </reporter-output>
        </test-method> <!-- teardown -->
        <test-method is-config="true" signature="setUp(java.lang.String)[pri:0, instance:com.qa.testCases.HomePageTest@353d0772]" started-at="2022-01-15T10:31:37 IST" name="setUp" finished-at="2022-01-15T10:31:46 IST" duration-ms="8912" status="PASS">
          <params>
            <param index="0">
              <value>
                <![CDATA[chrome]]>
              </value>
            </param>
          </params>
          <reporter-output>
          </reporter-output>
        </test-method> <!-- setUp -->
        <test-method signature="verifyTitle()[pri:0, instance:com.qa.testCases.HomePageTest@353d0772]" started-at="2022-01-15T10:31:46 IST" name="verifyTitle" finished-at="2022-01-15T10:31:46 IST" duration-ms="22" status="PASS">
          <reporter-output>
          </reporter-output>
        </test-method> <!-- verifyTitle -->
        <test-method is-config="true" signature="teardown()[pri:0, instance:com.qa.testCases.HomePageTest@353d0772]" started-at="2022-01-15T10:31:46 IST" name="teardown" finished-at="2022-01-15T10:31:46 IST" duration-ms="466" status="PASS">
          <reporter-output>
          </reporter-output>
        </test-method> <!-- teardown -->
      </class> <!-- com.qa.testCases.HomePageTest -->
    </test> <!-- Test -->
  </suite> <!-- Suite -->
</testng-results>
